<?xml version="1.0" encoding="UTF-8"?>
<!-- Generated by org.testng.reporters.JUnitXMLReporter -->
<testsuite ignored="0" hostname="DESKTOP-DBJQC0I" failures="0" tests="7" name="Default test" time="37.492" errors="0" timestamp="2024-10-19T17:33:53 IST">
  <testcase classname="seleniumTestMaven.Navigations" name="test1" time="5.156"/>
  <testcase classname="seleniumTestMaven.Navigations" name="test2" time="8.82"/>
  <testcase classname="seleniumTestMaven.Navigations" name="test3" time="6.677"/>
  <testcase classname="seleniumTestMaven.Navigations" name="test4" time="5.082"/>
  <testcase classname="seleniumTestMaven.Navigations" name="test5" time="5.314"/>
  <testcase classname="seleniumTestMaven.Navigations" name="test6" time="5.989"/>
  <testcase classname="seleniumTestMaven.Navigations" name="test7" time="0.312"/>
</testsuite> <!-- Default test -->
