<?xml version="1.0" encoding="UTF-8"?>
<testng-results ignored="0" total="7" passed="7" failed="0" skipped="0">
  <reporter-output>
  </reporter-output>
  <suite started-at="2024-10-19T17:33:16 IST" name="Default suite" finished-at="2024-10-19T17:33:53 IST" duration-ms="37492">
    <groups>
    </groups>
    <test started-at="2024-10-19T17:33:16 IST" name="Default test" finished-at="2024-10-19T17:33:53 IST" duration-ms="37492">
      <class name="seleniumTestMaven.Navigations">
        <test-method signature="test1()[pri:0, instance:seleniumTestMaven.Navigations@2af004b]" started-at="2024-10-19T17:33:16 IST" name="test1" finished-at="2024-10-19T17:33:21 IST" duration-ms="5156" status="PASS">
          <reporter-output>
          </reporter-output>
        </test-method> <!-- test1 -->
        <test-method signature="test2()[pri:0, instance:seleniumTestMaven.Navigations@2af004b]" started-at="2024-10-19T17:33:21 IST" name="test2" finished-at="2024-10-19T17:33:30 IST" duration-ms="8820" status="PASS">
          <reporter-output>
          </reporter-output>
        </test-method> <!-- test2 -->
        <test-method signature="test3()[pri:0, instance:seleniumTestMaven.Navigations@2af004b]" started-at="2024-10-19T17:33:30 IST" name="test3" finished-at="2024-10-19T17:33:36 IST" duration-ms="6677" status="PASS">
          <reporter-output>
          </reporter-output>
        </test-method> <!-- test3 -->
        <test-method signature="test4()[pri:0, instance:seleniumTestMaven.Navigations@2af004b]" started-at="2024-10-19T17:33:36 IST" name="test4" finished-at="2024-10-19T17:33:41 IST" duration-ms="5082" status="PASS">
          <reporter-output>
          </reporter-output>
        </test-method> <!-- test4 -->
        <test-method signature="test5()[pri:0, instance:seleniumTestMaven.Navigations@2af004b]" started-at="2024-10-19T17:33:41 IST" name="test5" finished-at="2024-10-19T17:33:47 IST" duration-ms="5314" status="PASS">
          <reporter-output>
          </reporter-output>
        </test-method> <!-- test5 -->
        <test-method signature="test6()[pri:0, instance:seleniumTestMaven.Navigations@2af004b]" started-at="2024-10-19T17:33:47 IST" name="test6" finished-at="2024-10-19T17:33:53 IST" duration-ms="5989" status="PASS">
          <reporter-output>
          </reporter-output>
        </test-method> <!-- test6 -->
        <test-method signature="test7()[pri:0, instance:seleniumTestMaven.Navigations@2af004b]" started-at="2024-10-19T17:33:53 IST" name="test7" finished-at="2024-10-19T17:33:53 IST" duration-ms="312" status="PASS">
          <reporter-output>
          </reporter-output>
        </test-method> <!-- test7 -->
      </class> <!-- seleniumTestMaven.Navigations -->
    </test> <!-- Default test -->
  </suite> <!-- Default suite -->
</testng-results>
